
                   @@@@@@                          @@@    @@@
                     @@                             @@     @ 
                     @@                             @@@    @ 
                     @@           @@@       @@@     @ @@   @ 
                     @@         @@   @@   @@   @@   @ @@   @ 
                     @@        @@     @@ @@     @@  @  @@  @ 
                     @@        @@     @@ @@     @@  @   @@ @ 
                     @@        @@     @@ @@     @@  @   @@ @ 
                     @@      @ @@     @@ @@     @@  @    @@@ 
                     @@     @   @@   @@   @@   @@   @     @@ 
                   @@@@@@@@@@     @@@       @@@    @@@    @@ 

                           Local optimization on Nets

             Alliance CAD System 5.0 20090901, loon 5.0 [2003/12/07]
             Copyright (c) 2000-2019,                 ASIM/LIP6/UPMC
             Author(s):                              François Donnet
             E-mail        :             alliance-users@asim.lip6.fr

	MBK_IN_LO	: vst
	MBK_OUT_LO	: vst
	MBK_TARGET_LIB	: /usr/lib/alliance/cells/sxlib

Reading parameter file 'paramfile.lax'...
50% area - 50% delay optimization
Reading file 'dacj_b.vst'...
Controlling file 'paramfile.lax'...
Reading lib '/usr/lib/alliance/cells/sxlib'...
Capacitances on file 'dacj_b.vst'...
Delays on file 'dacj_b.vst'...3298 ps
Area on file 'dacj_b.vst'...65750 lamda² (with over-cell routing)
Details...
	inv_x2: 12 (13%)
	no2_x1: 6 (9%)
	na2_x1: 4 (6%)
	noa22_x1: 4 (9%)
	no3_x1: 4 (7%)
	sff1_x4: 3 (20%)
	oa22_x2: 2 (4%)
	o3_x2: 2 (4%)
	on12_x1: 2 (3%)
	oa2ao222_x2: 1 (3%)
	mx2_x2: 1 (3%)
	a4_x2: 1 (2%)
	o4_x2: 1 (2%)
	ao22_x2: 1 (2%)
	a3_x2: 1 (2%)
	na3_x1: 1 (1%)
	o2_x2: 1 (1%)
	Total: 47
Worst RC on file 'dacj_b.vst'...170 ps
Inserting buffers on critical path for file 'dacj_b_l.vst'...3 buffers inserted -> 3265 ps
Improving RC on critical path for file 'dacj_b_l.vst'...3220 ps
Improving all RC for file 'dacj_b_l.vst'...
Worst RC on file 'dacj_b_l.vst'...170 ps
Area on file 'dacj_b_l.vst'...69250 lamda² (with over-cell routing)
Details...
	inv_x2: 11 (11%)
	no2_x1: 6 (8%)
	na2_x1: 4 (5%)
	noa22_x1: 4 (8%)
	no3_x1: 4 (7%)
	buf_x2: 3 (4%)
	sff1_x4: 3 (19%)
	oa22_x2: 2 (4%)
	o3_x2: 2 (4%)
	on12_x1: 2 (3%)
	oa2ao222_x4: 1 (3%)
	mx2_x2: 1 (3%)
	a4_x2: 1 (2%)
	o4_x2: 1 (2%)
	ao22_x2: 1 (2%)
	a3_x2: 1 (2%)
	na3_x1: 1 (1%)
	inv_x4: 1 (1%)
	o2_x2: 1 (1%)
	Total: 50
Critical path (no warranty)...3220 ps from 'dac_cs 0' to 'alarm'
Saving file 'dacj_b_l.vst'...
Saving delay gradient in xsch color file 'dacj_b_l.xsc'...
End of loon...

