
                  @@@@@@@                             @@@@ @  
                    @@   @@                         @@    @@  
                    @@    @@                       @@      @  
                    @@    @@     @@@       @@@    @@          
                    @@   @@    @@   @@   @@   @@  @@          
                    @@@@@@    @@     @@ @@     @@ @@     @@@@@
                    @@    @@  @@     @@ @@     @@ @@     @ @@ 
                    @@     @@ @@     @@ @@     @@ @@    @  @@ 
                    @@     @@ @@     @@ @@     @@  @@      @@ 
                    @@    @@   @@   @@   @@   @@    @@    @@  
                  @@@@@@@@       @@@       @@@        @@@@    

                         Binding and Optimizing On Gates

             Alliance CAD System 5.0 20090901, boog 5.0 [2003/01/09]
             Copyright (c) 2000-2019,                 ASIM/LIP6/UPMC
             Author(s):                              François Donnet
             E-mail        :             alliance-users@asim.lip6.fr

        MBK_VDD        : vdd
        MBK_VSS        : vss
        MBK_IN_LO      : vst
        MBK_OUT_LO     : vst
        MBK_WORK_LIB   : .
        MBK_TARGET_LIB : /usr/lib/alliance/cells/sxlib

Reading parameter file 'paramfile.lax'...
50% area - 50% delay optimization
Reading file 'dacm_b.vbe'...
Controlling file 'paramfile.lax'...
Controlling file 'dacm_b.vbe'...
Reading lib '/usr/lib/alliance/cells/sxlib'...
Controlling lib '/usr/lib/alliance/cells/sxlib'...
Preparing file 'dacm_b.vbe'...
Capacitances on file 'dacm_b.vbe'...
Unflattening file 'dacm_b.vbe'...
Mapping file 'dacm_b.vbe'...
Saving file 'dacm_b.vst'...
Adding signal 'not_dac_cs 1'
Quick estimated critical path (no warranty)...2135 ps from 'dac_cs 0' to 'alarm'
Quick estimated area (with over-cell routing)...69000 lambda²
Details...
	o2_x2: 10
	no2_x1: 7
	inv_x2: 7
	na3_x1: 4
	o3_x2: 3
	na2_x1: 3
	sff1_x4: 3
	nao22_x1: 2
	noa22_x1: 2
	oa2ao222_x2: 1
	a2_x2: 1
	a4_x2: 1
	a3_x2: 1
	no3_x1: 1
	o4_x2: 1
	xr2_x1: 1
	Total: 48
Saving delay gradient in xsch color file 'dacm_b.xsc'...
End of boog...

