
                   @@@@@@                          @@@    @@@
                     @@                             @@     @ 
                     @@                             @@@    @ 
                     @@           @@@       @@@     @ @@   @ 
                     @@         @@   @@   @@   @@   @ @@   @ 
                     @@        @@     @@ @@     @@  @  @@  @ 
                     @@        @@     @@ @@     @@  @   @@ @ 
                     @@        @@     @@ @@     @@  @   @@ @ 
                     @@      @ @@     @@ @@     @@  @    @@@ 
                     @@     @   @@   @@   @@   @@   @     @@ 
                   @@@@@@@@@@     @@@       @@@    @@@    @@ 

                           Local optimization on Nets

             Alliance CAD System 5.0 20090901, loon 5.0 [2003/12/07]
             Copyright (c) 2000-2019,                 ASIM/LIP6/UPMC
             Author(s):                              François Donnet
             E-mail        :             alliance-users@asim.lip6.fr

	MBK_IN_LO	: vst
	MBK_OUT_LO	: vst
	MBK_TARGET_LIB	: /usr/lib/alliance/cells/sxlib

Reading parameter file 'paramfile.lax'...
50% area - 50% delay optimization
Reading file 'dacm_b.vst'...
Controlling file 'paramfile.lax'...
Reading lib '/usr/lib/alliance/cells/sxlib'...
Capacitances on file 'dacm_b.vst'...
Delays on file 'dacm_b.vst'...2583 ps
Area on file 'dacm_b.vst'...69000 lamda² (with over-cell routing)
Details...
	o2_x2: 10 (18%)
	no2_x1: 7 (10%)
	inv_x2: 7 (7%)
	na3_x1: 4 (7%)
	o3_x2: 3 (6%)
	na2_x1: 3 (4%)
	sff1_x4: 3 (19%)
	nao22_x1: 2 (4%)
	noa22_x1: 2 (4%)
	oa2ao222_x2: 1 (3%)
	a2_x2: 1 (1%)
	a4_x2: 1 (2%)
	a3_x2: 1 (2%)
	no3_x1: 1 (1%)
	o4_x2: 1 (2%)
	xr2_x1: 1 (3%)
	Total: 48
Worst RC on file 'dacm_b.vst'...303 ps
Inserting buffers on critical path for file 'dacm_b_l.vst'...2 buffers inserted -> 2560 ps
Improving RC on critical path for file 'dacm_b_l.vst'...2539 ps
Improving all RC for file 'dacm_b_l.vst'...
Worst RC on file 'dacm_b_l.vst'...303 ps
Area on file 'dacm_b_l.vst'...71250 lamda² (with over-cell routing)
Details...
	o2_x2: 10 (17%)
	no2_x1: 7 (9%)
	inv_x2: 7 (7%)
	na3_x1: 4 (7%)
	o3_x2: 3 (6%)
	na2_x1: 3 (4%)
	sff1_x4: 3 (18%)
	buf_x2: 2 (2%)
	nao22_x1: 2 (4%)
	noa22_x1: 2 (4%)
	oa2ao222_x4: 1 (3%)
	a2_x2: 1 (1%)
	a4_x2: 1 (2%)
	a3_x2: 1 (2%)
	no3_x1: 1 (1%)
	o4_x2: 1 (2%)
	xr2_x1: 1 (3%)
	Total: 50
Critical path (no warranty)...2539 ps from 'dac_cs 1' to 'alarm'
Saving file 'dacm_b_l.vst'...
Saving delay gradient in xsch color file 'dacm_b_l.xsc'...
End of loon...

