
                  @@@@@@@                             @@@@ @  
                    @@   @@                         @@    @@  
                    @@    @@                       @@      @  
                    @@    @@     @@@       @@@    @@          
                    @@   @@    @@   @@   @@   @@  @@          
                    @@@@@@    @@     @@ @@     @@ @@     @@@@@
                    @@    @@  @@     @@ @@     @@ @@     @ @@ 
                    @@     @@ @@     @@ @@     @@ @@    @  @@ 
                    @@     @@ @@     @@ @@     @@  @@      @@ 
                    @@    @@   @@   @@   @@   @@    @@    @@  
                  @@@@@@@@       @@@       @@@        @@@@    

                         Binding and Optimizing On Gates

             Alliance CAD System 5.0 20090901, boog 5.0 [2003/01/09]
             Copyright (c) 2000-2019,                 ASIM/LIP6/UPMC
             Author(s):                              François Donnet
             E-mail        :             alliance-users@asim.lip6.fr

        MBK_VDD        : vdd
        MBK_VSS        : vss
        MBK_IN_LO      : vst
        MBK_OUT_LO     : vst
        MBK_WORK_LIB   : .
        MBK_TARGET_LIB : /usr/lib/alliance/cells/sxlib

Reading parameter file 'paramfile.lax'...
50% area - 50% delay optimization
Reading file 'daco_b.vbe'...
Controlling file 'paramfile.lax'...
Controlling file 'daco_b.vbe'...
Reading lib '/usr/lib/alliance/cells/sxlib'...
Controlling lib '/usr/lib/alliance/cells/sxlib'...
Preparing file 'daco_b.vbe'...
Capacitances on file 'daco_b.vbe'...
Unflattening file 'daco_b.vbe'...
Mapping file 'daco_b.vbe'...
Saving file 'daco_b.vst'...
Adding signal 'not_inp 2'
Quick estimated critical path (no warranty)...1778 ps from 'dac_cs 0' to 'alarm'
Quick estimated area (with over-cell routing)...84500 lambda²
Details...
	inv_x2: 12
	na2_x1: 10
	no2_x1: 6
	a2_x2: 6
	na3_x1: 5
	sff1_x4: 5
	o2_x2: 3
	on12_x1: 2
	na4_x1: 2
	a3_x2: 2
	oa2a22_x2: 1
	no3_x1: 1
	noa22_x1: 1
	ao22_x2: 1
	o4_x2: 1
	an12_x1: 1
	oa22_x2: 1
	Total: 60
Saving delay gradient in xsch color file 'daco_b.xsc'...
End of boog...

